Determining if the pthread_create exist failed with the following output:
Change Dir: /home/ubuntu/catkin_ws/build_isolated/ublox_gps/CMakeFiles/CMakeTmp

Run Build Command:"/usr/bin/make" "cmTC_13cc3/fast"
/usr/bin/make -f CMakeFiles/cmTC_13cc3.dir/build.make CMakeFiles/cmTC_13cc3.dir/build
make[1]: Entering directory '/home/ubuntu/catkin_ws/build_isolated/ublox_gps/CMakeFiles/CMakeTmp'
Building C object CMakeFiles/cmTC_13cc3.dir/CheckSymbolExists.c.o
/usr/bin/cc     -o CMakeFiles/cmTC_13cc3.dir/CheckSymbolExists.c.o   -c /home/ubuntu/catkin_ws/build_isolated/ublox_gps/CMakeFiles/CMakeTmp/CheckSymbolExists.c
Linking C executable cmTC_13cc3
/usr/bin/cmake -E cmake_link_script CMakeFiles/cmTC_13cc3.dir/link.txt --verbose=1
/usr/bin/cc       CMakeFiles/cmTC_13cc3.dir/CheckSymbolExists.c.o  -o cmTC_13cc3 -rdynamic 
CMakeFiles/cmTC_13cc3.dir/CheckSymbolExists.c.o: In function `main':
CheckSymbolExists.c:(.text+0x14): undefined reference to `pthread_create'
CheckSymbolExists.c:(.text+0x18): undefined reference to `pthread_create'
collect2: error: ld returned 1 exit status
CMakeFiles/cmTC_13cc3.dir/build.make:97: recipe for target 'cmTC_13cc3' failed
make[1]: *** [cmTC_13cc3] Error 1
make[1]: Leaving directory '/home/ubuntu/catkin_ws/build_isolated/ublox_gps/CMakeFiles/CMakeTmp'
Makefile:126: recipe for target 'cmTC_13cc3/fast' failed
make: *** [cmTC_13cc3/fast] Error 2

File /home/ubuntu/catkin_ws/build_isolated/ublox_gps/CMakeFiles/CMakeTmp/CheckSymbolExists.c:
/* */
#include <pthread.h>

int main(int argc, char** argv)
{
  (void)argv;
#ifndef pthread_create
  return ((int*)(&pthread_create))[argc];
#else
  (void)argc;
  return 0;
#endif
}

Determining if the function pthread_create exists in the pthreads failed with the following output:
Change Dir: /home/ubuntu/catkin_ws/build_isolated/ublox_gps/CMakeFiles/CMakeTmp

Run Build Command:"/usr/bin/make" "cmTC_caa81/fast"
/usr/bin/make -f CMakeFiles/cmTC_caa81.dir/build.make CMakeFiles/cmTC_caa81.dir/build
make[1]: Entering directory '/home/ubuntu/catkin_ws/build_isolated/ublox_gps/CMakeFiles/CMakeTmp'
Building C object CMakeFiles/cmTC_caa81.dir/CheckFunctionExists.c.o
/usr/bin/cc    -DCHECK_FUNCTION_EXISTS=pthread_create   -o CMakeFiles/cmTC_caa81.dir/CheckFunctionExists.c.o   -c /usr/share/cmake-3.5/Modules/CheckFunctionExists.c
Linking C executable cmTC_caa81
/usr/bin/cmake -E cmake_link_script CMakeFiles/cmTC_caa81.dir/link.txt --verbose=1
/usr/bin/cc   -DCHECK_FUNCTION_EXISTS=pthread_create    CMakeFiles/cmTC_caa81.dir/CheckFunctionExists.c.o  -o cmTC_caa81 -rdynamic -lpthreads 
/usr/bin/ld: cannot find -lpthreads
collect2: error: ld returned 1 exit status
CMakeFiles/cmTC_caa81.dir/build.make:97: recipe for target 'cmTC_caa81' failed
make[1]: *** [cmTC_caa81] Error 1
make[1]: Leaving directory '/home/ubuntu/catkin_ws/build_isolated/ublox_gps/CMakeFiles/CMakeTmp'
Makefile:126: recipe for target 'cmTC_caa81/fast' failed
make: *** [cmTC_caa81/fast] Error 2


