Determining if the pthread_create exist failed with the following output:
Change Dir: /home/ubuntu/catkin_ws/build_isolated/sick_ldmrs_laser/CMakeFiles/CMakeTmp

Run Build Command:"/usr/bin/make" "cmTC_8e430/fast"
/usr/bin/make -f CMakeFiles/cmTC_8e430.dir/build.make CMakeFiles/cmTC_8e430.dir/build
make[1]: Entering directory '/home/ubuntu/catkin_ws/build_isolated/sick_ldmrs_laser/CMakeFiles/CMakeTmp'
Building C object CMakeFiles/cmTC_8e430.dir/CheckSymbolExists.c.o
/usr/bin/cc     -o CMakeFiles/cmTC_8e430.dir/CheckSymbolExists.c.o   -c /home/ubuntu/catkin_ws/build_isolated/sick_ldmrs_laser/CMakeFiles/CMakeTmp/CheckSymbolExists.c
Linking C executable cmTC_8e430
/usr/bin/cmake -E cmake_link_script CMakeFiles/cmTC_8e430.dir/link.txt --verbose=1
/usr/bin/cc       CMakeFiles/cmTC_8e430.dir/CheckSymbolExists.c.o  -o cmTC_8e430 -rdynamic 
CMakeFiles/cmTC_8e430.dir/CheckSymbolExists.c.o: In function `main':
CheckSymbolExists.c:(.text+0x14): undefined reference to `pthread_create'
CheckSymbolExists.c:(.text+0x18): undefined reference to `pthread_create'
collect2: error: ld returned 1 exit status
CMakeFiles/cmTC_8e430.dir/build.make:97: recipe for target 'cmTC_8e430' failed
make[1]: *** [cmTC_8e430] Error 1
make[1]: Leaving directory '/home/ubuntu/catkin_ws/build_isolated/sick_ldmrs_laser/CMakeFiles/CMakeTmp'
Makefile:126: recipe for target 'cmTC_8e430/fast' failed
make: *** [cmTC_8e430/fast] Error 2

File /home/ubuntu/catkin_ws/build_isolated/sick_ldmrs_laser/CMakeFiles/CMakeTmp/CheckSymbolExists.c:
/* */
#include <pthread.h>

int main(int argc, char** argv)
{
  (void)argv;
#ifndef pthread_create
  return ((int*)(&pthread_create))[argc];
#else
  (void)argc;
  return 0;
#endif
}

Determining if the function pthread_create exists in the pthreads failed with the following output:
Change Dir: /home/ubuntu/catkin_ws/build_isolated/sick_ldmrs_laser/CMakeFiles/CMakeTmp

Run Build Command:"/usr/bin/make" "cmTC_99446/fast"
/usr/bin/make -f CMakeFiles/cmTC_99446.dir/build.make CMakeFiles/cmTC_99446.dir/build
make[1]: Entering directory '/home/ubuntu/catkin_ws/build_isolated/sick_ldmrs_laser/CMakeFiles/CMakeTmp'
Building C object CMakeFiles/cmTC_99446.dir/CheckFunctionExists.c.o
/usr/bin/cc    -DCHECK_FUNCTION_EXISTS=pthread_create   -o CMakeFiles/cmTC_99446.dir/CheckFunctionExists.c.o   -c /usr/share/cmake-3.5/Modules/CheckFunctionExists.c
Linking C executable cmTC_99446
/usr/bin/cmake -E cmake_link_script CMakeFiles/cmTC_99446.dir/link.txt --verbose=1
/usr/bin/cc   -DCHECK_FUNCTION_EXISTS=pthread_create    CMakeFiles/cmTC_99446.dir/CheckFunctionExists.c.o  -o cmTC_99446 -rdynamic -lpthreads 
/usr/bin/ld: cannot find -lpthreads
collect2: error: ld returned 1 exit status
CMakeFiles/cmTC_99446.dir/build.make:97: recipe for target 'cmTC_99446' failed
make[1]: *** [cmTC_99446] Error 1
make[1]: Leaving directory '/home/ubuntu/catkin_ws/build_isolated/sick_ldmrs_laser/CMakeFiles/CMakeTmp'
Makefile:126: recipe for target 'cmTC_99446/fast' failed
make: *** [cmTC_99446/fast] Error 2


