Determining if the pthread_create exist failed with the following output:
Change Dir: /home/ubuntu/catkin_ws/build_isolated/robot_setup_tf/CMakeFiles/CMakeTmp

Run Build Command:"/usr/bin/make" "cmTC_22dcc/fast"
/usr/bin/make -f CMakeFiles/cmTC_22dcc.dir/build.make CMakeFiles/cmTC_22dcc.dir/build
make[1]: Entering directory '/home/ubuntu/catkin_ws/build_isolated/robot_setup_tf/CMakeFiles/CMakeTmp'
Building C object CMakeFiles/cmTC_22dcc.dir/CheckSymbolExists.c.o
/usr/bin/cc     -o CMakeFiles/cmTC_22dcc.dir/CheckSymbolExists.c.o   -c /home/ubuntu/catkin_ws/build_isolated/robot_setup_tf/CMakeFiles/CMakeTmp/CheckSymbolExists.c
Linking C executable cmTC_22dcc
/usr/bin/cmake -E cmake_link_script CMakeFiles/cmTC_22dcc.dir/link.txt --verbose=1
/usr/bin/cc       CMakeFiles/cmTC_22dcc.dir/CheckSymbolExists.c.o  -o cmTC_22dcc -rdynamic 
CMakeFiles/cmTC_22dcc.dir/CheckSymbolExists.c.o: In function `main':
CheckSymbolExists.c:(.text+0x14): undefined reference to `pthread_create'
CheckSymbolExists.c:(.text+0x18): undefined reference to `pthread_create'
collect2: error: ld returned 1 exit status
CMakeFiles/cmTC_22dcc.dir/build.make:97: recipe for target 'cmTC_22dcc' failed
make[1]: *** [cmTC_22dcc] Error 1
make[1]: Leaving directory '/home/ubuntu/catkin_ws/build_isolated/robot_setup_tf/CMakeFiles/CMakeTmp'
Makefile:126: recipe for target 'cmTC_22dcc/fast' failed
make: *** [cmTC_22dcc/fast] Error 2

File /home/ubuntu/catkin_ws/build_isolated/robot_setup_tf/CMakeFiles/CMakeTmp/CheckSymbolExists.c:
/* */
#include <pthread.h>

int main(int argc, char** argv)
{
  (void)argv;
#ifndef pthread_create
  return ((int*)(&pthread_create))[argc];
#else
  (void)argc;
  return 0;
#endif
}

Determining if the function pthread_create exists in the pthreads failed with the following output:
Change Dir: /home/ubuntu/catkin_ws/build_isolated/robot_setup_tf/CMakeFiles/CMakeTmp

Run Build Command:"/usr/bin/make" "cmTC_4216a/fast"
/usr/bin/make -f CMakeFiles/cmTC_4216a.dir/build.make CMakeFiles/cmTC_4216a.dir/build
make[1]: Entering directory '/home/ubuntu/catkin_ws/build_isolated/robot_setup_tf/CMakeFiles/CMakeTmp'
Building C object CMakeFiles/cmTC_4216a.dir/CheckFunctionExists.c.o
/usr/bin/cc    -DCHECK_FUNCTION_EXISTS=pthread_create   -o CMakeFiles/cmTC_4216a.dir/CheckFunctionExists.c.o   -c /usr/share/cmake-3.5/Modules/CheckFunctionExists.c
Linking C executable cmTC_4216a
/usr/bin/cmake -E cmake_link_script CMakeFiles/cmTC_4216a.dir/link.txt --verbose=1
/usr/bin/cc   -DCHECK_FUNCTION_EXISTS=pthread_create    CMakeFiles/cmTC_4216a.dir/CheckFunctionExists.c.o  -o cmTC_4216a -rdynamic -lpthreads 
/usr/bin/ld: cannot find -lpthreads
collect2: error: ld returned 1 exit status
CMakeFiles/cmTC_4216a.dir/build.make:97: recipe for target 'cmTC_4216a' failed
make[1]: *** [cmTC_4216a] Error 1
make[1]: Leaving directory '/home/ubuntu/catkin_ws/build_isolated/robot_setup_tf/CMakeFiles/CMakeTmp'
Makefile:126: recipe for target 'cmTC_4216a/fast' failed
make: *** [cmTC_4216a/fast] Error 2


