Determining if the pthread_create exist failed with the following output:
Change Dir: /home/ubuntu/catkin_ws/build_isolated/ublox_serialization/CMakeFiles/CMakeTmp

Run Build Command:"/usr/bin/make" "cmTC_6ec74/fast"
/usr/bin/make -f CMakeFiles/cmTC_6ec74.dir/build.make CMakeFiles/cmTC_6ec74.dir/build
make[1]: Entering directory '/home/ubuntu/catkin_ws/build_isolated/ublox_serialization/CMakeFiles/CMakeTmp'
Building C object CMakeFiles/cmTC_6ec74.dir/CheckSymbolExists.c.o
/usr/bin/cc     -o CMakeFiles/cmTC_6ec74.dir/CheckSymbolExists.c.o   -c /home/ubuntu/catkin_ws/build_isolated/ublox_serialization/CMakeFiles/CMakeTmp/CheckSymbolExists.c
Linking C executable cmTC_6ec74
/usr/bin/cmake -E cmake_link_script CMakeFiles/cmTC_6ec74.dir/link.txt --verbose=1
/usr/bin/cc       CMakeFiles/cmTC_6ec74.dir/CheckSymbolExists.c.o  -o cmTC_6ec74 -rdynamic 
CMakeFiles/cmTC_6ec74.dir/CheckSymbolExists.c.o: In function `main':
CheckSymbolExists.c:(.text+0x14): undefined reference to `pthread_create'
CheckSymbolExists.c:(.text+0x18): undefined reference to `pthread_create'
collect2: error: ld returned 1 exit status
CMakeFiles/cmTC_6ec74.dir/build.make:97: recipe for target 'cmTC_6ec74' failed
make[1]: *** [cmTC_6ec74] Error 1
make[1]: Leaving directory '/home/ubuntu/catkin_ws/build_isolated/ublox_serialization/CMakeFiles/CMakeTmp'
Makefile:126: recipe for target 'cmTC_6ec74/fast' failed
make: *** [cmTC_6ec74/fast] Error 2

File /home/ubuntu/catkin_ws/build_isolated/ublox_serialization/CMakeFiles/CMakeTmp/CheckSymbolExists.c:
/* */
#include <pthread.h>

int main(int argc, char** argv)
{
  (void)argv;
#ifndef pthread_create
  return ((int*)(&pthread_create))[argc];
#else
  (void)argc;
  return 0;
#endif
}

Determining if the function pthread_create exists in the pthreads failed with the following output:
Change Dir: /home/ubuntu/catkin_ws/build_isolated/ublox_serialization/CMakeFiles/CMakeTmp

Run Build Command:"/usr/bin/make" "cmTC_e44e3/fast"
/usr/bin/make -f CMakeFiles/cmTC_e44e3.dir/build.make CMakeFiles/cmTC_e44e3.dir/build
make[1]: Entering directory '/home/ubuntu/catkin_ws/build_isolated/ublox_serialization/CMakeFiles/CMakeTmp'
Building C object CMakeFiles/cmTC_e44e3.dir/CheckFunctionExists.c.o
/usr/bin/cc    -DCHECK_FUNCTION_EXISTS=pthread_create   -o CMakeFiles/cmTC_e44e3.dir/CheckFunctionExists.c.o   -c /usr/share/cmake-3.5/Modules/CheckFunctionExists.c
Linking C executable cmTC_e44e3
/usr/bin/cmake -E cmake_link_script CMakeFiles/cmTC_e44e3.dir/link.txt --verbose=1
/usr/bin/cc   -DCHECK_FUNCTION_EXISTS=pthread_create    CMakeFiles/cmTC_e44e3.dir/CheckFunctionExists.c.o  -o cmTC_e44e3 -rdynamic -lpthreads 
/usr/bin/ld: cannot find -lpthreads
collect2: error: ld returned 1 exit status
CMakeFiles/cmTC_e44e3.dir/build.make:97: recipe for target 'cmTC_e44e3' failed
make[1]: *** [cmTC_e44e3] Error 1
make[1]: Leaving directory '/home/ubuntu/catkin_ws/build_isolated/ublox_serialization/CMakeFiles/CMakeTmp'
Makefile:126: recipe for target 'cmTC_e44e3/fast' failed
make: *** [cmTC_e44e3/fast] Error 2


