Determining if the pthread_create exist failed with the following output:
Change Dir: /home/ubuntu/catkin_ws/build_isolated/ublox_msgs/CMakeFiles/CMakeTmp

Run Build Command:"/usr/bin/make" "cmTC_09fbf/fast"
/usr/bin/make -f CMakeFiles/cmTC_09fbf.dir/build.make CMakeFiles/cmTC_09fbf.dir/build
make[1]: Entering directory '/home/ubuntu/catkin_ws/build_isolated/ublox_msgs/CMakeFiles/CMakeTmp'
Building C object CMakeFiles/cmTC_09fbf.dir/CheckSymbolExists.c.o
/usr/bin/cc     -o CMakeFiles/cmTC_09fbf.dir/CheckSymbolExists.c.o   -c /home/ubuntu/catkin_ws/build_isolated/ublox_msgs/CMakeFiles/CMakeTmp/CheckSymbolExists.c
Linking C executable cmTC_09fbf
/usr/bin/cmake -E cmake_link_script CMakeFiles/cmTC_09fbf.dir/link.txt --verbose=1
/usr/bin/cc       CMakeFiles/cmTC_09fbf.dir/CheckSymbolExists.c.o  -o cmTC_09fbf -rdynamic 
CMakeFiles/cmTC_09fbf.dir/CheckSymbolExists.c.o: In function `main':
CheckSymbolExists.c:(.text+0x14): undefined reference to `pthread_create'
CheckSymbolExists.c:(.text+0x18): undefined reference to `pthread_create'
collect2: error: ld returned 1 exit status
CMakeFiles/cmTC_09fbf.dir/build.make:97: recipe for target 'cmTC_09fbf' failed
make[1]: *** [cmTC_09fbf] Error 1
make[1]: Leaving directory '/home/ubuntu/catkin_ws/build_isolated/ublox_msgs/CMakeFiles/CMakeTmp'
Makefile:126: recipe for target 'cmTC_09fbf/fast' failed
make: *** [cmTC_09fbf/fast] Error 2

File /home/ubuntu/catkin_ws/build_isolated/ublox_msgs/CMakeFiles/CMakeTmp/CheckSymbolExists.c:
/* */
#include <pthread.h>

int main(int argc, char** argv)
{
  (void)argv;
#ifndef pthread_create
  return ((int*)(&pthread_create))[argc];
#else
  (void)argc;
  return 0;
#endif
}

Determining if the function pthread_create exists in the pthreads failed with the following output:
Change Dir: /home/ubuntu/catkin_ws/build_isolated/ublox_msgs/CMakeFiles/CMakeTmp

Run Build Command:"/usr/bin/make" "cmTC_446ac/fast"
/usr/bin/make -f CMakeFiles/cmTC_446ac.dir/build.make CMakeFiles/cmTC_446ac.dir/build
make[1]: Entering directory '/home/ubuntu/catkin_ws/build_isolated/ublox_msgs/CMakeFiles/CMakeTmp'
Building C object CMakeFiles/cmTC_446ac.dir/CheckFunctionExists.c.o
/usr/bin/cc    -DCHECK_FUNCTION_EXISTS=pthread_create   -o CMakeFiles/cmTC_446ac.dir/CheckFunctionExists.c.o   -c /usr/share/cmake-3.5/Modules/CheckFunctionExists.c
Linking C executable cmTC_446ac
/usr/bin/cmake -E cmake_link_script CMakeFiles/cmTC_446ac.dir/link.txt --verbose=1
/usr/bin/cc   -DCHECK_FUNCTION_EXISTS=pthread_create    CMakeFiles/cmTC_446ac.dir/CheckFunctionExists.c.o  -o cmTC_446ac -rdynamic -lpthreads 
/usr/bin/ld: cannot find -lpthreads
collect2: error: ld returned 1 exit status
CMakeFiles/cmTC_446ac.dir/build.make:97: recipe for target 'cmTC_446ac' failed
make[1]: *** [cmTC_446ac] Error 1
make[1]: Leaving directory '/home/ubuntu/catkin_ws/build_isolated/ublox_msgs/CMakeFiles/CMakeTmp'
Makefile:126: recipe for target 'cmTC_446ac/fast' failed
make: *** [cmTC_446ac/fast] Error 2


