Determining if the pthread_create exist failed with the following output:
Change Dir: /home/ubuntu/catkin_ws/build_isolated/sick_ldmrs_msgs/CMakeFiles/CMakeTmp

Run Build Command:"/usr/bin/make" "cmTC_95ce4/fast"
/usr/bin/make -f CMakeFiles/cmTC_95ce4.dir/build.make CMakeFiles/cmTC_95ce4.dir/build
make[1]: Entering directory '/home/ubuntu/catkin_ws/build_isolated/sick_ldmrs_msgs/CMakeFiles/CMakeTmp'
Building C object CMakeFiles/cmTC_95ce4.dir/CheckSymbolExists.c.o
/usr/bin/cc     -o CMakeFiles/cmTC_95ce4.dir/CheckSymbolExists.c.o   -c /home/ubuntu/catkin_ws/build_isolated/sick_ldmrs_msgs/CMakeFiles/CMakeTmp/CheckSymbolExists.c
Linking C executable cmTC_95ce4
/usr/bin/cmake -E cmake_link_script CMakeFiles/cmTC_95ce4.dir/link.txt --verbose=1
/usr/bin/cc       CMakeFiles/cmTC_95ce4.dir/CheckSymbolExists.c.o  -o cmTC_95ce4 -rdynamic 
CMakeFiles/cmTC_95ce4.dir/CheckSymbolExists.c.o: In function `main':
CheckSymbolExists.c:(.text+0x14): undefined reference to `pthread_create'
CheckSymbolExists.c:(.text+0x18): undefined reference to `pthread_create'
collect2: error: ld returned 1 exit status
CMakeFiles/cmTC_95ce4.dir/build.make:97: recipe for target 'cmTC_95ce4' failed
make[1]: *** [cmTC_95ce4] Error 1
make[1]: Leaving directory '/home/ubuntu/catkin_ws/build_isolated/sick_ldmrs_msgs/CMakeFiles/CMakeTmp'
Makefile:126: recipe for target 'cmTC_95ce4/fast' failed
make: *** [cmTC_95ce4/fast] Error 2

File /home/ubuntu/catkin_ws/build_isolated/sick_ldmrs_msgs/CMakeFiles/CMakeTmp/CheckSymbolExists.c:
/* */
#include <pthread.h>

int main(int argc, char** argv)
{
  (void)argv;
#ifndef pthread_create
  return ((int*)(&pthread_create))[argc];
#else
  (void)argc;
  return 0;
#endif
}

Determining if the function pthread_create exists in the pthreads failed with the following output:
Change Dir: /home/ubuntu/catkin_ws/build_isolated/sick_ldmrs_msgs/CMakeFiles/CMakeTmp

Run Build Command:"/usr/bin/make" "cmTC_b59df/fast"
/usr/bin/make -f CMakeFiles/cmTC_b59df.dir/build.make CMakeFiles/cmTC_b59df.dir/build
make[1]: Entering directory '/home/ubuntu/catkin_ws/build_isolated/sick_ldmrs_msgs/CMakeFiles/CMakeTmp'
Building C object CMakeFiles/cmTC_b59df.dir/CheckFunctionExists.c.o
/usr/bin/cc    -DCHECK_FUNCTION_EXISTS=pthread_create   -o CMakeFiles/cmTC_b59df.dir/CheckFunctionExists.c.o   -c /usr/share/cmake-3.5/Modules/CheckFunctionExists.c
Linking C executable cmTC_b59df
/usr/bin/cmake -E cmake_link_script CMakeFiles/cmTC_b59df.dir/link.txt --verbose=1
/usr/bin/cc   -DCHECK_FUNCTION_EXISTS=pthread_create    CMakeFiles/cmTC_b59df.dir/CheckFunctionExists.c.o  -o cmTC_b59df -rdynamic -lpthreads 
/usr/bin/ld: cannot find -lpthreads
collect2: error: ld returned 1 exit status
CMakeFiles/cmTC_b59df.dir/build.make:97: recipe for target 'cmTC_b59df' failed
make[1]: *** [cmTC_b59df] Error 1
make[1]: Leaving directory '/home/ubuntu/catkin_ws/build_isolated/sick_ldmrs_msgs/CMakeFiles/CMakeTmp'
Makefile:126: recipe for target 'cmTC_b59df/fast' failed
make: *** [cmTC_b59df/fast] Error 2


